This is pdfTeX, Version 3.14159265-2.6-1.40.16 (TeX Live 2015/Debian) (preloaded format=pdflatex 2018.5.2)  21 JUN 2018 02:02
entering extended mode
 restricted \write18 enabled.
 %&-line parsing enabled.
**wcsp.tex
(./wcsp.tex
LaTeX2e <2016/02/01>
Babel <3.9q> and hyphenation patterns for 12 language(s) loaded.
(./IEEEtran.cls
Document Class: IEEEtran 2015/08/26 V1.8b by Michael Shell
-- See the "IEEEtran_HOWTO" manual for usage information.
-- http://www.michaelshell.org/tex/ieeetran/
\@IEEEtrantmpdimenA=\dimen102
\@IEEEtrantmpdimenB=\dimen103
\@IEEEtrantmpdimenC=\dimen104
\@IEEEtrantmpcountA=\count79
\@IEEEtrantmpcountB=\count80
\@IEEEtrantmpcountC=\count81
\@IEEEtrantmptoksA=\toks14
LaTeX Font Info:    Try loading font information for OT1+ptm on input line 503.

(/usr/share/texlive/texmf-dist/tex/latex/psnfss/ot1ptm.fd
File: ot1ptm.fd 2001/06/04 font definitions for OT1/ptm.
)
-- Using 8.5in x 11in (letter) paper.
-- Using PDF output.
\@IEEEnormalsizeunitybaselineskip=\dimen105
-- This is a 10 point document.
\CLASSINFOnormalsizebaselineskip=\dimen106
\CLASSINFOnormalsizeunitybaselineskip=\dimen107
\IEEEnormaljot=\dimen108
LaTeX Font Info:    Font shape `OT1/ptm/bx/n' in size <5> not available
(Font)              Font shape `OT1/ptm/b/n' tried instead on input line 1090.
LaTeX Font Info:    Font shape `OT1/ptm/bx/it' in size <5> not available
(Font)              Font shape `OT1/ptm/b/it' tried instead on input line 1090.

LaTeX Font Info:    Font shape `OT1/ptm/bx/n' in size <7> not available
(Font)              Font shape `OT1/ptm/b/n' tried instead on input line 1090.
LaTeX Font Info:    Font shape `OT1/ptm/bx/it' in size <7> not available
(Font)              Font shape `OT1/ptm/b/it' tried instead on input line 1090.

LaTeX Font Info:    Font shape `OT1/ptm/bx/n' in size <8> not available
(Font)              Font shape `OT1/ptm/b/n' tried instead on input line 1090.
LaTeX Font Info:    Font shape `OT1/ptm/bx/it' in size <8> not available
(Font)              Font shape `OT1/ptm/b/it' tried instead on input line 1090.

LaTeX Font Info:    Font shape `OT1/ptm/bx/n' in size <9> not available
(Font)              Font shape `OT1/ptm/b/n' tried instead on input line 1090.
LaTeX Font Info:    Font shape `OT1/ptm/bx/it' in size <9> not available
(Font)              Font shape `OT1/ptm/b/it' tried instead on input line 1090.

LaTeX Font Info:    Font shape `OT1/ptm/bx/n' in size <10> not available
(Font)              Font shape `OT1/ptm/b/n' tried instead on input line 1090.
LaTeX Font Info:    Font shape `OT1/ptm/bx/it' in size <10> not available
(Font)              Font shape `OT1/ptm/b/it' tried instead on input line 1090.

LaTeX Font Info:    Font shape `OT1/ptm/bx/n' in size <11> not available
(Font)              Font shape `OT1/ptm/b/n' tried instead on input line 1090.
LaTeX Font Info:    Font shape `OT1/ptm/bx/it' in size <11> not available
(Font)              Font shape `OT1/ptm/b/it' tried instead on input line 1090.

LaTeX Font Info:    Font shape `OT1/ptm/bx/n' in size <12> not available
(Font)              Font shape `OT1/ptm/b/n' tried instead on input line 1090.
LaTeX Font Info:    Font shape `OT1/ptm/bx/it' in size <12> not available
(Font)              Font shape `OT1/ptm/b/it' tried instead on input line 1090.

LaTeX Font Info:    Font shape `OT1/ptm/bx/n' in size <17> not available
(Font)              Font shape `OT1/ptm/b/n' tried instead on input line 1090.
LaTeX Font Info:    Font shape `OT1/ptm/bx/it' in size <17> not available
(Font)              Font shape `OT1/ptm/b/it' tried instead on input line 1090.

LaTeX Font Info:    Font shape `OT1/ptm/bx/n' in size <20> not available
(Font)              Font shape `OT1/ptm/b/n' tried instead on input line 1090.
LaTeX Font Info:    Font shape `OT1/ptm/bx/it' in size <20> not available
(Font)              Font shape `OT1/ptm/b/it' tried instead on input line 1090.

LaTeX Font Info:    Font shape `OT1/ptm/bx/n' in size <24> not available
(Font)              Font shape `OT1/ptm/b/n' tried instead on input line 1090.
LaTeX Font Info:    Font shape `OT1/ptm/bx/it' in size <24> not available
(Font)              Font shape `OT1/ptm/b/it' tried instead on input line 1090.

\IEEEquantizedlength=\dimen109
\IEEEquantizedlengthdiff=\dimen110
\IEEEquantizedtextheightdiff=\dimen111
\IEEEilabelindentA=\dimen112
\IEEEilabelindentB=\dimen113
\IEEEilabelindent=\dimen114
\IEEEelabelindent=\dimen115
\IEEEdlabelindent=\dimen116
\IEEElabelindent=\dimen117
\IEEEiednormlabelsep=\dimen118
\IEEEiedmathlabelsep=\dimen119
\IEEEiedtopsep=\skip41
\c@section=\count82
\c@subsection=\count83
\c@subsubsection=\count84
\c@paragraph=\count85
\c@IEEEsubequation=\count86
\abovecaptionskip=\skip42
\belowcaptionskip=\skip43
\c@figure=\count87
\c@table=\count88
\@IEEEeqnnumcols=\count89
\@IEEEeqncolcnt=\count90
\@IEEEsubeqnnumrollback=\count91
\@IEEEquantizeheightA=\dimen120
\@IEEEquantizeheightB=\dimen121
\@IEEEquantizeheightC=\dimen122
\@IEEEquantizeprevdepth=\dimen123
\@IEEEquantizemultiple=\count92
\@IEEEquantizeboxA=\box26
\@IEEEtmpitemindent=\dimen124
\IEEEPARstartletwidth=\dimen125
\c@IEEEbiography=\count93
\@IEEEtranrubishbin=\box27
)
** ATTENTION: Overriding command lockouts (line 2).
(/usr/share/texlive/texmf-dist/tex/latex/cite/cite.sty
LaTeX Info: Redefining \cite on input line 302.
LaTeX Info: Redefining \nocite on input line 332.
Package: cite 2015/02/27  v 5.5
)
(/usr/share/texlive/texmf-dist/tex/latex/amsmath/amsmath.sty
Package: amsmath 2016/03/03 v2.15a AMS math features
\@mathmargin=\skip44

For additional information on amsmath, use the `?' option.
(/usr/share/texlive/texmf-dist/tex/latex/amsmath/amstext.sty
Package: amstext 2000/06/29 v2.01 AMS text

(/usr/share/texlive/texmf-dist/tex/latex/amsmath/amsgen.sty
File: amsgen.sty 1999/11/30 v2.0 generic functions
\@emptytoks=\toks15
\ex@=\dimen126
))
(/usr/share/texlive/texmf-dist/tex/latex/amsmath/amsbsy.sty
Package: amsbsy 1999/11/29 v1.2d Bold Symbols
\pmbraise@=\dimen127
)
(/usr/share/texlive/texmf-dist/tex/latex/amsmath/amsopn.sty
Package: amsopn 1999/12/14 v2.01 operator names
)
\inf@bad=\count94
LaTeX Info: Redefining \frac on input line 199.
\uproot@=\count95
\leftroot@=\count96
LaTeX Info: Redefining \overline on input line 297.
\classnum@=\count97
\DOTSCASE@=\count98
LaTeX Info: Redefining \ldots on input line 394.
LaTeX Info: Redefining \dots on input line 397.
LaTeX Info: Redefining \cdots on input line 518.
\Mathstrutbox@=\box28
\strutbox@=\box29
\big@size=\dimen128
LaTeX Font Info:    Redeclaring font encoding OML on input line 630.
LaTeX Font Info:    Redeclaring font encoding OMS on input line 631.
\macc@depth=\count99
\c@MaxMatrixCols=\count100
\dotsspace@=\muskip10
\c@parentequation=\count101
\dspbrk@lvl=\count102
\tag@help=\toks16
\row@=\count103
\column@=\count104
\maxfields@=\count105
\andhelp@=\toks17
\eqnshift@=\dimen129
\alignsep@=\dimen130
\tagshift@=\dimen131
\tagwidth@=\dimen132
\totwidth@=\dimen133
\lineht@=\dimen134
\@envbody=\toks18
\multlinegap=\skip45
\multlinetaggap=\skip46
\mathdisplay@stack=\toks19
LaTeX Info: Redefining \[ on input line 2735.
LaTeX Info: Redefining \] on input line 2736.
)
(/usr/share/texlive/texmf-dist/tex/latex/amsfonts/amssymb.sty
Package: amssymb 2013/01/14 v3.01 AMS font symbols

(/usr/share/texlive/texmf-dist/tex/latex/amsfonts/amsfonts.sty
Package: amsfonts 2013/01/14 v3.01 Basic AMSFonts support
\symAMSa=\mathgroup4
\symAMSb=\mathgroup5
LaTeX Font Info:    Overwriting math alphabet `\mathfrak' in version `bold'
(Font)                  U/euf/m/n --> U/euf/b/n on input line 106.
))
(/usr/share/texlive/texmf-dist/tex/latex/algorithms/algorithmic.sty
Package: algorithmic 2009/08/24 v0.1 Document Style `algorithmic'

(/usr/share/texlive/texmf-dist/tex/latex/base/ifthen.sty
Package: ifthen 2014/09/29 v1.1c Standard LaTeX ifthen package (DPC)
)
(/usr/share/texlive/texmf-dist/tex/latex/graphics/keyval.sty
Package: keyval 2014/10/28 v1.15 key=value parser (DPC)
\KV@toks@=\toks20
)
\c@ALC@unique=\count106
\c@ALC@line=\count107
\c@ALC@rem=\count108
\c@ALC@depth=\count109
\ALC@tlm=\skip47
\algorithmicindent=\skip48
)
(/usr/share/texlive/texmf-dist/tex/latex/base/textcomp.sty
Package: textcomp 2005/09/27 v1.99g Standard LaTeX package
Package textcomp Info: Sub-encoding information:
(textcomp)               5 = only ISO-Adobe without \textcurrency
(textcomp)               4 = 5 + \texteuro
(textcomp)               3 = 4 + \textohm
(textcomp)               2 = 3 + \textestimated + \textcurrency
(textcomp)               1 = TS1 - \textcircled - \t
(textcomp)               0 = TS1 (full)
(textcomp)             Font families with sub-encoding setting implement
(textcomp)             only a restricted character set as indicated.
(textcomp)             Family '?' is the default used for unknown fonts.
(textcomp)             See the documentation for details.
Package textcomp Info: Setting ? sub-encoding to TS1/1 on input line 79.

(/usr/share/texlive/texmf-dist/tex/latex/base/ts1enc.def
File: ts1enc.def 2001/06/05 v3.0e (jk/car/fm) Standard LaTeX file
)
LaTeX Info: Redefining \oldstylenums on input line 334.
Package textcomp Info: Setting cmr sub-encoding to TS1/0 on input line 349.
Package textcomp Info: Setting cmss sub-encoding to TS1/0 on input line 350.
Package textcomp Info: Setting cmtt sub-encoding to TS1/0 on input line 351.
Package textcomp Info: Setting cmvtt sub-encoding to TS1/0 on input line 352.
Package textcomp Info: Setting cmbr sub-encoding to TS1/0 on input line 353.
Package textcomp Info: Setting cmtl sub-encoding to TS1/0 on input line 354.
Package textcomp Info: Setting ccr sub-encoding to TS1/0 on input line 355.
Package textcomp Info: Setting ptm sub-encoding to TS1/4 on input line 356.
Package textcomp Info: Setting pcr sub-encoding to TS1/4 on input line 357.
Package textcomp Info: Setting phv sub-encoding to TS1/4 on input line 358.
Package textcomp Info: Setting ppl sub-encoding to TS1/3 on input line 359.
Package textcomp Info: Setting pag sub-encoding to TS1/4 on input line 360.
Package textcomp Info: Setting pbk sub-encoding to TS1/4 on input line 361.
Package textcomp Info: Setting pnc sub-encoding to TS1/4 on input line 362.
Package textcomp Info: Setting pzc sub-encoding to TS1/4 on input line 363.
Package textcomp Info: Setting bch sub-encoding to TS1/4 on input line 364.
Package textcomp Info: Setting put sub-encoding to TS1/5 on input line 365.
Package textcomp Info: Setting uag sub-encoding to TS1/5 on input line 366.
Package textcomp Info: Setting ugq sub-encoding to TS1/5 on input line 367.
Package textcomp Info: Setting ul8 sub-encoding to TS1/4 on input line 368.
Package textcomp Info: Setting ul9 sub-encoding to TS1/4 on input line 369.
Package textcomp Info: Setting augie sub-encoding to TS1/5 on input line 370.
Package textcomp Info: Setting dayrom sub-encoding to TS1/3 on input line 371.
Package textcomp Info: Setting dayroms sub-encoding to TS1/3 on input line 372.

Package textcomp Info: Setting pxr sub-encoding to TS1/0 on input line 373.
Package textcomp Info: Setting pxss sub-encoding to TS1/0 on input line 374.
Package textcomp Info: Setting pxtt sub-encoding to TS1/0 on input line 375.
Package textcomp Info: Setting txr sub-encoding to TS1/0 on input line 376.
Package textcomp Info: Setting txss sub-encoding to TS1/0 on input line 377.
Package textcomp Info: Setting txtt sub-encoding to TS1/0 on input line 378.
Package textcomp Info: Setting lmr sub-encoding to TS1/0 on input line 379.
Package textcomp Info: Setting lmdh sub-encoding to TS1/0 on input line 380.
Package textcomp Info: Setting lmss sub-encoding to TS1/0 on input line 381.
Package textcomp Info: Setting lmssq sub-encoding to TS1/0 on input line 382.
Package textcomp Info: Setting lmvtt sub-encoding to TS1/0 on input line 383.
Package textcomp Info: Setting lmtt sub-encoding to TS1/0 on input line 384.
Package textcomp Info: Setting qhv sub-encoding to TS1/0 on input line 385.
Package textcomp Info: Setting qag sub-encoding to TS1/0 on input line 386.
Package textcomp Info: Setting qbk sub-encoding to TS1/0 on input line 387.
Package textcomp Info: Setting qcr sub-encoding to TS1/0 on input line 388.
Package textcomp Info: Setting qcs sub-encoding to TS1/0 on input line 389.
Package textcomp Info: Setting qpl sub-encoding to TS1/0 on input line 390.
Package textcomp Info: Setting qtm sub-encoding to TS1/0 on input line 391.
Package textcomp Info: Setting qzc sub-encoding to TS1/0 on input line 392.
Package textcomp Info: Setting qhvc sub-encoding to TS1/0 on input line 393.
Package textcomp Info: Setting futs sub-encoding to TS1/4 on input line 394.
Package textcomp Info: Setting futx sub-encoding to TS1/4 on input line 395.
Package textcomp Info: Setting futj sub-encoding to TS1/4 on input line 396.
Package textcomp Info: Setting hlh sub-encoding to TS1/3 on input line 397.
Package textcomp Info: Setting hls sub-encoding to TS1/3 on input line 398.
Package textcomp Info: Setting hlst sub-encoding to TS1/3 on input line 399.
Package textcomp Info: Setting hlct sub-encoding to TS1/5 on input line 400.
Package textcomp Info: Setting hlx sub-encoding to TS1/5 on input line 401.
Package textcomp Info: Setting hlce sub-encoding to TS1/5 on input line 402.
Package textcomp Info: Setting hlcn sub-encoding to TS1/5 on input line 403.
Package textcomp Info: Setting hlcw sub-encoding to TS1/5 on input line 404.
Package textcomp Info: Setting hlcf sub-encoding to TS1/5 on input line 405.
Package textcomp Info: Setting pplx sub-encoding to TS1/3 on input line 406.
Package textcomp Info: Setting pplj sub-encoding to TS1/3 on input line 407.
Package textcomp Info: Setting ptmx sub-encoding to TS1/4 on input line 408.
Package textcomp Info: Setting ptmj sub-encoding to TS1/4 on input line 409.
)
(/usr/share/texlive/texmf-dist/tex/latex/xcolor/xcolor.sty
Package: xcolor 2007/01/21 v2.11 LaTeX color extensions (UK)

(/usr/share/texlive/texmf-dist/tex/latex/latexconfig/color.cfg
File: color.cfg 2007/01/18 v1.5 color configuration of teTeX/TeXLive
)
Package xcolor Info: Driver file: pdftex.def on input line 225.

(/usr/share/texlive/texmf-dist/tex/latex/pdftex-def/pdftex.def
File: pdftex.def 2011/05/27 v0.06d Graphics/color for pdfTeX

(/usr/share/texlive/texmf-dist/tex/generic/oberdiek/infwarerr.sty
Package: infwarerr 2010/04/08 v1.3 Providing info/warning/error messages (HO)
)
(/usr/share/texlive/texmf-dist/tex/generic/oberdiek/ltxcmds.sty
Package: ltxcmds 2011/11/09 v1.22 LaTeX kernel commands for general use (HO)
)
\Gread@gobject=\count110
)
Package xcolor Info: Model `cmy' substituted by `cmy0' on input line 1337.
Package xcolor Info: Model `hsb' substituted by `rgb' on input line 1341.
Package xcolor Info: Model `RGB' extended on input line 1353.
Package xcolor Info: Model `HTML' substituted by `rgb' on input line 1355.
Package xcolor Info: Model `Hsb' substituted by `hsb' on input line 1356.
Package xcolor Info: Model `tHsb' substituted by `hsb' on input line 1357.
Package xcolor Info: Model `HSB' substituted by `hsb' on input line 1358.
Package xcolor Info: Model `Gray' substituted by `gray' on input line 1359.
Package xcolor Info: Model `wave' substituted by `hsb' on input line 1360.
)
(/usr/share/texlive/texmf-dist/tex/latex/graphics/graphicx.sty
Package: graphicx 2014/10/28 v1.0g Enhanced LaTeX Graphics (DPC,SPQR)

(/usr/share/texlive/texmf-dist/tex/latex/graphics/graphics.sty
Package: graphics 2016/01/03 v1.0q Standard LaTeX Graphics (DPC,SPQR)

(/usr/share/texlive/texmf-dist/tex/latex/graphics/trig.sty
Package: trig 2016/01/03 v1.10 sin cos tan (DPC)
)
(/usr/share/texlive/texmf-dist/tex/latex/latexconfig/graphics.cfg
File: graphics.cfg 2010/04/23 v1.9 graphics configuration of TeX Live
)
Package graphics Info: Driver file: pdftex.def on input line 95.
)
\Gin@req@height=\dimen135
\Gin@req@width=\dimen136
)
(/usr/share/texlive/texmf-dist/tex/latex/subfigure/subfigure.sty
Package: subfigure 2002/03/15 v2.1.5 subfigure package
\subfigtopskip=\skip49
\subfigcapskip=\skip50
\subfigcaptopadj=\dimen137
\subfigbottomskip=\skip51
\subfigcapmargin=\dimen138
\subfiglabelskip=\skip52
\c@subfigure=\count111
\c@lofdepth=\count112
\c@subtable=\count113
\c@lotdepth=\count114

****************************************
* Local config file subfigure.cfg used *
****************************************
(/usr/share/texlive/texmf-dist/tex/latex/subfigure/subfigure.cfg)
\subfig@top=\skip53
\subfig@bottom=\skip54
) (./wcsp.aux)
\openout1 = `wcsp.aux'.

LaTeX Font Info:    Checking defaults for OML/cmm/m/it on input line 13.
LaTeX Font Info:    ... okay on input line 13.
LaTeX Font Info:    Checking defaults for T1/cmr/m/n on input line 13.
LaTeX Font Info:    ... okay on input line 13.
LaTeX Font Info:    Checking defaults for OT1/cmr/m/n on input line 13.
LaTeX Font Info:    ... okay on input line 13.
LaTeX Font Info:    Checking defaults for OMS/cmsy/m/n on input line 13.
LaTeX Font Info:    ... okay on input line 13.
LaTeX Font Info:    Checking defaults for OMX/cmex/m/n on input line 13.
LaTeX Font Info:    ... okay on input line 13.
LaTeX Font Info:    Checking defaults for U/cmr/m/n on input line 13.
LaTeX Font Info:    ... okay on input line 13.
LaTeX Font Info:    Checking defaults for TS1/cmr/m/n on input line 13.
LaTeX Font Info:    Try loading font information for TS1+cmr on input line 13.
(/usr/share/texlive/texmf-dist/tex/latex/base/ts1cmr.fd
File: ts1cmr.fd 2014/09/29 v2.5h Standard LaTeX font definitions
)
LaTeX Font Info:    ... okay on input line 13.

-- Lines per column: 56 (exact).
(/usr/share/texlive/texmf-dist/tex/context/base/supp-pdf.mkii
[Loading MPS to PDF converter (version 2006.09.02).]
\scratchcounter=\count115
\scratchdimen=\dimen139
\scratchbox=\box30
\nofMPsegments=\count116
\nofMParguments=\count117
\everyMPshowfont=\toks21
\MPscratchCnt=\count118
\MPscratchDim=\dimen140
\MPnumerator=\count119
\makeMPintoPDFobject=\count120
\everyMPtoPDFconversion=\toks22
) (/usr/share/texlive/texmf-dist/tex/generic/oberdiek/pdftexcmds.sty
Package: pdftexcmds 2011/11/29 v0.20 Utility functions of pdfTeX for LuaTeX (HO
)

(/usr/share/texlive/texmf-dist/tex/generic/oberdiek/ifluatex.sty
Package: ifluatex 2010/03/01 v1.3 Provides the ifluatex switch (HO)
Package ifluatex Info: LuaTeX not detected.
)
(/usr/share/texlive/texmf-dist/tex/generic/oberdiek/ifpdf.sty
Package: ifpdf 2011/01/30 v2.3 Provides the ifpdf switch (HO)
Package ifpdf Info: pdfTeX in PDF mode is detected.
)
Package pdftexcmds Info: LuaTeX not detected.
Package pdftexcmds Info: \pdf@primitive is available.
Package pdftexcmds Info: \pdf@ifprimitive is available.
Package pdftexcmds Info: \pdfdraftmode found.
)
(/usr/share/texlive/texmf-dist/tex/latex/oberdiek/epstopdf-base.sty
Package: epstopdf-base 2010/02/09 v2.5 Base part for package epstopdf

(/usr/share/texlive/texmf-dist/tex/latex/oberdiek/grfext.sty
Package: grfext 2010/08/19 v1.1 Manage graphics extensions (HO)

(/usr/share/texlive/texmf-dist/tex/generic/oberdiek/kvdefinekeys.sty
Package: kvdefinekeys 2011/04/07 v1.3 Define keys (HO)
))
(/usr/share/texlive/texmf-dist/tex/latex/oberdiek/kvoptions.sty
Package: kvoptions 2011/06/30 v3.11 Key value format for package options (HO)

(/usr/share/texlive/texmf-dist/tex/generic/oberdiek/kvsetkeys.sty
Package: kvsetkeys 2012/04/25 v1.16 Key value parser (HO)

(/usr/share/texlive/texmf-dist/tex/generic/oberdiek/etexcmds.sty
Package: etexcmds 2011/02/16 v1.5 Avoid name clashes with e-TeX commands (HO)
Package etexcmds Info: Could not find \expanded.
(etexcmds)             That can mean that you are not using pdfTeX 1.50 or
(etexcmds)             that some package has redefined \expanded.
(etexcmds)             In the latter case, load this package earlier.
)))
Package grfext Info: Graphics extension search list:
(grfext)             [.png,.pdf,.jpg,.mps,.jpeg,.jbig2,.jb2,.PNG,.PDF,.JPG,.JPE
G,.JBIG2,.JB2,.eps]
(grfext)             \AppendGraphicsExtensions on input line 452.

(/usr/share/texlive/texmf-dist/tex/latex/latexconfig/epstopdf-sys.cfg
File: epstopdf-sys.cfg 2010/07/13 v1.3 Configuration of (r)epstopdf for TeX Liv
e
))
LaTeX Font Info:    Calculating math sizes for size <11> on input line 37.
LaTeX Font Info:    Try loading font information for U+msa on input line 37.

(/usr/share/texlive/texmf-dist/tex/latex/amsfonts/umsa.fd
File: umsa.fd 2013/01/14 v3.01 AMS symbols A
)
LaTeX Font Info:    Try loading font information for U+msb on input line 37.

(/usr/share/texlive/texmf-dist/tex/latex/amsfonts/umsb.fd
File: umsb.fd 2013/01/14 v3.01 AMS symbols B
)
Underfull \hbox (badness 6125) in paragraph at lines 68--69
[]\OT1/ptm/m/n/10 In this sec-tion, the pro-to-col model is in-tro-duced.
 []

<figures/1.pdf, id=1, 1927.2pt x 426.59375pt>
File: figures/1.pdf Graphic file (type pdf)
 <use figures/1.pdf>
Package pdftex.def Info: figures/1.pdf used on input line 74.
(pdftex.def)             Requested size: 231.25403pt x 51.18903pt.
 [1{/var/lib/texmf/fonts/map/pdftex/updmap/pdftex.map}


]
<figures/3.pdf, id=11, 1927.2pt x 569.12625pt>
File: figures/3.pdf Graphic file (type pdf)
 <use figures/3.pdf>
Package pdftex.def Info: figures/3.pdf used on input line 99.
(pdftex.def)             Requested size: 289.06754pt x 85.36525pt.

<figures/2.pdf, id=12, 1927.2pt x 426.59375pt>
File: figures/2.pdf Graphic file (type pdf)
 <use figures/2.pdf>
Package pdftex.def Info: figures/2.pdf used on input line 109.
(pdftex.def)             Requested size: 231.25403pt x 51.18903pt.
Missing character: There is no ï in font ptmr7t!
Missing character: There is no ¼ in font ptmr7t!
Missing character: There is no Œ in font ptmr7t!

<figures/6.pdf, id=13, 796.9775pt x 597.23125pt>
File: figures/6.pdf Graphic file (type pdf)
 <use figures/6.pdf>
Package pdftex.def Info: figures/6.pdf used on input line 138.
(pdftex.def)             Requested size: 79.70241pt x 59.72661pt.
 [2 <./figures/1.pdf> <./figures/3.pdf

pdfTeX warning: /usr/bin/pdflatex (file ./figures/3.pdf): PDF inclusion: multip
le pdfs with page group included in a single page
> <./figures/2.pdf

pdfTeX warning: /usr/bin/pdflatex (file ./figures/2.pdf): PDF inclusion: multip
le pdfs with page group included in a single page
>]
Missing character: There is no ï in font ptmr7t!
Missing character: There is no ¼ in font ptmr7t!
Missing character: There is no Œ in font ptmr7t!
\c@mytempeqncnt=\count121


LaTeX Warning: `!h' float specifier changed to `!ht'.

[3 <./figures/6.pdf>]
Underfull \hbox (badness 6658) in paragraph at lines 317--318
[]\OT1/ptm/m/n/10 We also make per-for-mance com-par-isons with two
 []

<figures/2scen.pdf, id=78, 796.9775pt x 597.23125pt>
File: figures/2scen.pdf Graphic file (type pdf)
 <use figures/2scen.pdf>
Package pdftex.def Info: figures/2scen.pdf used on input line 324.
(pdftex.def)             Requested size: 199.24388pt x 149.30743pt.
Package epstopdf Info: Source file: <figures/lilun.eps>
(epstopdf)                    date: 2018-06-20 10:04:17
(epstopdf)                    size: 25342 bytes
(epstopdf)             Output file: <figures/lilun-eps-converted-to.pdf>
(epstopdf)                    date: 2018-06-20 10:04:36
(epstopdf)                    size: 8998 bytes
(epstopdf)             Command: <repstopdf --outfile=figures/lilun-eps-converte
d-to.pdf figures/lilun.eps>
(epstopdf)             \includegraphics on input line 342.
Package epstopdf Info: Output file is already uptodate.

<figures/lilun-eps-converted-to.pdf, id=79, 361.35pt x 252.945pt>
File: figures/lilun-eps-converted-to.pdf Graphic file (type pdf)

<use figures/lilun-eps-converted-to.pdf>
Package pdftex.def Info: figures/lilun-eps-converted-to.pdf used on input line 
342.
(pdftex.def)             Requested size: 216.81168pt x 151.76816pt.
Package epstopdf Info: Source file: <figures/2nodea.eps>
(epstopdf)                    date: 2018-06-20 10:01:17
(epstopdf)                    size: 27317 bytes
(epstopdf)             Output file: <figures/2nodea-eps-converted-to.pdf>
(epstopdf)                    date: 2018-06-20 10:04:36
(epstopdf)                    size: 9115 bytes
(epstopdf)             Command: <repstopdf --outfile=figures/2nodea-eps-convert
ed-to.pdf figures/2nodea.eps>
(epstopdf)             \includegraphics on input line 355.
Package epstopdf Info: Output file is already uptodate.

<figures/2nodea-eps-converted-to.pdf, id=80, 361.35pt x 252.945pt>
File: figures/2nodea-eps-converted-to.pdf Graphic file (type pdf)

<use figures/2nodea-eps-converted-to.pdf>
Package pdftex.def Info: figures/2nodea-eps-converted-to.pdf used on input line
 355.
(pdftex.def)             Requested size: 180.67456pt x 126.47218pt.
Package epstopdf Info: Source file: <figures/2nodeb.eps>
(epstopdf)                    date: 2018-06-20 10:01:17
(epstopdf)                    size: 27053 bytes
(epstopdf)             Output file: <figures/2nodeb-eps-converted-to.pdf>
(epstopdf)                    date: 2018-06-20 10:04:37
(epstopdf)                    size: 8917 bytes
(epstopdf)             Command: <repstopdf --outfile=figures/2nodeb-eps-convert
ed-to.pdf figures/2nodeb.eps>
(epstopdf)             \includegraphics on input line 360.
Package epstopdf Info: Output file is already uptodate.

<figures/2nodeb-eps-converted-to.pdf, id=81, 361.35pt x 252.945pt>
File: figures/2nodeb-eps-converted-to.pdf Graphic file (type pdf)

<use figures/2nodeb-eps-converted-to.pdf>
Package pdftex.def Info: figures/2nodeb-eps-converted-to.pdf used on input line
 360.
(pdftex.def)             Requested size: 180.67456pt x 126.47218pt.
Package epstopdf Info: Source file: <figures/2nodec.eps>
(epstopdf)                    date: 2018-06-20 10:01:17
(epstopdf)                    size: 26948 bytes
(epstopdf)             Output file: <figures/2nodec-eps-converted-to.pdf>
(epstopdf)                    date: 2018-06-20 10:04:37
(epstopdf)                    size: 9488 bytes
(epstopdf)             Command: <repstopdf --outfile=figures/2nodec-eps-convert
ed-to.pdf figures/2nodec.eps>
(epstopdf)             \includegraphics on input line 365.
Package epstopdf Info: Output file is already uptodate.

<figures/2nodec-eps-converted-to.pdf, id=82, 361.35pt x 252.945pt>
File: figures/2nodec-eps-converted-to.pdf Graphic file (type pdf)

<use figures/2nodec-eps-converted-to.pdf>
Package pdftex.def Info: figures/2nodec-eps-converted-to.pdf used on input line
 365.
(pdftex.def)             Requested size: 180.67456pt x 126.47218pt.
Package epstopdf Info: Source file: <figures/2noded.eps>
(epstopdf)                    date: 2018-06-20 10:01:17
(epstopdf)                    size: 26837 bytes
(epstopdf)             Output file: <figures/2noded-eps-converted-to.pdf>
(epstopdf)                    date: 2018-06-20 10:04:37
(epstopdf)                    size: 9028 bytes
(epstopdf)             Command: <repstopdf --outfile=figures/2noded-eps-convert
ed-to.pdf figures/2noded.eps>
(epstopdf)             \includegraphics on input line 370.
Package epstopdf Info: Output file is already uptodate.

<figures/2noded-eps-converted-to.pdf, id=83, 361.35pt x 252.945pt>
File: figures/2noded-eps-converted-to.pdf Graphic file (type pdf)

<use figures/2noded-eps-converted-to.pdf>
Package pdftex.def Info: figures/2noded-eps-converted-to.pdf used on input line
 370.
(pdftex.def)             Requested size: 180.67456pt x 126.47218pt.


LaTeX Warning: `!h' float specifier changed to `!ht'.

[4 <./figures/2scen.pdf> <./figures/lilun-eps-converted-to.pdf>]
<figures/3scen.pdf, id=109, 796.9775pt x 597.23125pt>
File: figures/3scen.pdf Graphic file (type pdf)
 <use figures/3scen.pdf>
Package pdftex.def Info: figures/3scen.pdf used on input line 392.
(pdftex.def)             Requested size: 199.24388pt x 149.30743pt.


LaTeX Warning: `!h' float specifier changed to `!ht'.

Package epstopdf Info: Source file: <figures/3nodea.eps>
(epstopdf)                    date: 2018-06-20 10:02:35
(epstopdf)                    size: 27141 bytes
(epstopdf)             Output file: <figures/3nodea-eps-converted-to.pdf>
(epstopdf)                    date: 2018-06-20 10:04:37
(epstopdf)                    size: 9377 bytes
(epstopdf)             Command: <repstopdf --outfile=figures/3nodea-eps-convert
ed-to.pdf figures/3nodea.eps>
(epstopdf)             \includegraphics on input line 412.
Package epstopdf Info: Output file is already uptodate.
<figures/3nodea-eps-converted-to.pdf, id=110, 361.35pt x 252.945pt>
File: figures/3nodea-eps-converted-to.pdf Graphic file (type pdf)

<use figures/3nodea-eps-converted-to.pdf>
Package pdftex.def Info: figures/3nodea-eps-converted-to.pdf used on input line
 412.
(pdftex.def)             Requested size: 180.67456pt x 126.47218pt.
Package epstopdf Info: Source file: <figures/3nodeb.eps>
(epstopdf)                    date: 2018-06-20 10:02:35
(epstopdf)                    size: 27029 bytes
(epstopdf)             Output file: <figures/3nodeb-eps-converted-to.pdf>
(epstopdf)                    date: 2018-06-20 10:04:37
(epstopdf)                    size: 9166 bytes
(epstopdf)             Command: <repstopdf --outfile=figures/3nodeb-eps-convert
ed-to.pdf figures/3nodeb.eps>
(epstopdf)             \includegraphics on input line 417.
Package epstopdf Info: Output file is already uptodate.

<figures/3nodeb-eps-converted-to.pdf, id=111, 361.35pt x 252.945pt>
File: figures/3nodeb-eps-converted-to.pdf Graphic file (type pdf)

<use figures/3nodeb-eps-converted-to.pdf>
Package pdftex.def Info: figures/3nodeb-eps-converted-to.pdf used on input line
 417.
(pdftex.def)             Requested size: 180.67456pt x 126.47218pt.
Package epstopdf Info: Source file: <figures/3nodec.eps>
(epstopdf)                    date: 2018-06-20 10:02:35
(epstopdf)                    size: 27049 bytes
(epstopdf)             Output file: <figures/3nodec-eps-converted-to.pdf>
(epstopdf)                    date: 2018-06-20 10:04:38
(epstopdf)                    size: 9783 bytes
(epstopdf)             Command: <repstopdf --outfile=figures/3nodec-eps-convert
ed-to.pdf figures/3nodec.eps>
(epstopdf)             \includegraphics on input line 422.
Package epstopdf Info: Output file is already uptodate.

<figures/3nodec-eps-converted-to.pdf, id=112, 361.35pt x 252.945pt>
File: figures/3nodec-eps-converted-to.pdf Graphic file (type pdf)

<use figures/3nodec-eps-converted-to.pdf>
Package pdftex.def Info: figures/3nodec-eps-converted-to.pdf used on input line
 422.
(pdftex.def)             Requested size: 180.67456pt x 126.47218pt.
Package epstopdf Info: Source file: <figures/3noded.eps>
(epstopdf)                    date: 2018-06-20 10:02:36
(epstopdf)                    size: 26660 bytes
(epstopdf)             Output file: <figures/3noded-eps-converted-to.pdf>
(epstopdf)                    date: 2018-06-20 10:04:38
(epstopdf)                    size: 9152 bytes
(epstopdf)             Command: <repstopdf --outfile=figures/3noded-eps-convert
ed-to.pdf figures/3noded.eps>
(epstopdf)             \includegraphics on input line 427.
Package epstopdf Info: Output file is already uptodate.

<figures/3noded-eps-converted-to.pdf, id=113, 361.35pt x 252.945pt>
File: figures/3noded-eps-converted-to.pdf Graphic file (type pdf)

<use figures/3noded-eps-converted-to.pdf>
Package pdftex.def Info: figures/3noded-eps-converted-to.pdf used on input line
 427.
(pdftex.def)             Requested size: 180.67456pt x 126.47218pt.


LaTeX Warning: `!h' float specifier changed to `!ht'.

[5 <./figures/2nodea-eps-converted-to.pdf> <./figures/2nodeb-eps-converted-to.p
df> <./figures/2nodec-eps-converted-to.pdf> <./figures/2noded-eps-converted-to.
pdf> <./figures/3scen.pdf>] (./wcsp.bbl)

** Conference Paper **
Before submitting the final camera ready copy, remember to:

 1. Manually equalize the lengths of two columns on the last page
 of your paper;

 2. Ensure that any PostScript and/or PDF output post-processing
 uses only Type 1 fonts and that every step in the generation
 process uses the appropriate paper size.

[6 <./figures/3nodea-eps-converted-to.pdf> <./figures/3nodeb-eps-converted-to.p
df> <./figures/3nodec-eps-converted-to.pdf> <./figures/3noded-eps-converted-to.
pdf>] (./wcsp.aux) ) 
Here is how much of TeX's memory you used:
 4684 strings out of 494497
 68281 string characters out of 6172401
 138055 words of memory out of 5000000
 8017 multiletter control sequences out of 15000+600000
 41174 words of font info for 88 fonts, out of 8000000 for 9000
 264 hyphenation exceptions out of 8191
 38i,11n,35p,950b,320s stack positions out of 5000i,500n,10000p,200000b,80000s
{/usr/share/texlive/texmf-dist/fonts/enc/dvips/base/8r.enc}
</usr/share/texlive/texmf-dist/fonts/type1/public/amsfonts/cm/cmex10.pfb></usr/
share/texlive/texmf-dist/fonts/type1/public/amsfonts/cm/cmmi10.pfb></usr/share/
texlive/texmf-dist/fonts/type1/public/amsfonts/cm/cmmi5.pfb></usr/share/texlive
/texmf-dist/fonts/type1/public/amsfonts/cm/cmmi7.pfb></usr/share/texlive/texmf-
dist/fonts/type1/public/amsfonts/cm/cmr10.pfb></usr/share/texlive/texmf-dist/fo
nts/type1/public/amsfonts/cm/cmr7.pfb></usr/share/texlive/texmf-dist/fonts/type
1/public/amsfonts/cm/cmsy10.pfb></usr/share/texlive/texmf-dist/fonts/type1/urw/
times/utmb8a.pfb></usr/share/texlive/texmf-dist/fonts/type1/urw/times/utmbi8a.p
fb></usr/share/texlive/texmf-dist/fonts/type1/urw/times/utmr8a.pfb></usr/share/
texlive/texmf-dist/fonts/type1/urw/times/utmri8a.pfb>
Output written on wcsp.pdf (6 pages, 345134 bytes).
PDF statistics:
 214 PDF objects out of 1000 (max. 8388607)
 139 compressed objects within 2 object streams
 0 named destinations out of 1000 (max. 500000)
 76 words of extra memory for PDF output out of 10000 (max. 10000000)

